0 verbose cli /opt/homebrew/Cellar/node/25.9.0_2/bin/node /opt/homebrew/bin/npm
1 info using npm@11.13.0
2 info using node@v25.9.0
3 silly config load:file:/opt/homebrew/lib/node_modules/npm/npmrc
4 silly config load:file:/Users/agents/.openclaw/workspace/easy-es-detailing/.npmrc
5 silly config load:file:/Users/agents/.npmrc
6 silly config load:file:/opt/homebrew/etc/npmrc
7 verbose title npm install
8 verbose argv "install" "--cache" ".npm-cache"
9 verbose logfile logs-max:10 dir:/Users/agents/.openclaw/workspace/easy-es-detailing/.npm-cache/_logs/2026-05-10T01_10_38_552Z-
10 verbose logfile /Users/agents/.openclaw/workspace/easy-es-detailing/.npm-cache/_logs/2026-05-10T01_10_38_552Z-debug-0.log
11 silly logfile done cleaning log files
12 silly packumentCache heap:4496293888 maxSize:1124073472 maxEntrySize:562036736
13 silly idealTree buildDeps
14 silly fetch manifest @vitejs/plugin-react@latest
15 silly packumentCache full:https://registry.npmjs.org/@vitejs%2fplugin-react cache-miss
16 http fetch GET 200 https://registry.npmjs.org/@vitejs%2fplugin-react 100ms (cache miss)
17 silly packumentCache full:https://registry.npmjs.org/@vitejs%2fplugin-react set size:undefined disposed:false
18 silly fetch manifest @rolldown/plugin-babel@^0.1.7 || ^0.2.0
19 silly packumentCache full:https://registry.npmjs.org/@rolldown%2fplugin-babel cache-miss
20 http fetch GET 200 https://registry.npmjs.org/npm 165ms
21 http fetch GET 200 https://registry.npmjs.org/@rolldown%2fplugin-babel 68ms (cache miss)
22 silly packumentCache full:https://registry.npmjs.org/@rolldown%2fplugin-babel set size:undefined disposed:false
23 silly fetch manifest @babel/core@^7.29.0 || ^8.0.0-rc.1
24 silly packumentCache full:https://registry.npmjs.org/@babel%2fcore cache-miss
25 http fetch GET 200 https://registry.npmjs.org/@babel%2fcore 61ms (cache miss)
26 silly packumentCache full:https://registry.npmjs.org/@babel%2fcore set size:undefined disposed:false
27 silly fetch manifest @babel/plugin-transform-runtime@^7.29.0 || ^8.0.0-rc.1
28 silly packumentCache full:https://registry.npmjs.org/@babel%2fplugin-transform-runtime cache-miss
29 http fetch GET 200 https://registry.npmjs.org/@babel%2fplugin-transform-runtime 180ms (cache miss)
30 silly packumentCache full:https://registry.npmjs.org/@babel%2fplugin-transform-runtime set size:undefined disposed:false
31 silly fetch manifest @babel/runtime@^7.27.0 || ^8.0.0-rc.1
32 silly packumentCache full:https://registry.npmjs.org/@babel%2fruntime cache-miss
33 http fetch GET 200 https://registry.npmjs.org/@babel%2fruntime 169ms (cache miss)
34 silly packumentCache full:https://registry.npmjs.org/@babel%2fruntime set size:undefined disposed:false
35 silly fetch manifest rolldown@^1.0.0-rc.5
36 silly packumentCache full:https://registry.npmjs.org/rolldown cache-miss
37 http fetch GET 200 https://registry.npmjs.org/rolldown 102ms (cache miss)
38 silly packumentCache full:https://registry.npmjs.org/rolldown set size:undefined disposed:false
39 silly fetch manifest vite@latest
40 silly packumentCache full:https://registry.npmjs.org/vite cache-miss
41 http fetch GET 200 https://registry.npmjs.org/vite 1287ms (cache miss)
42 silly packumentCache full:https://registry.npmjs.org/vite set size:undefined disposed:false
43 silly fetch manifest @types/node@^20.19.0 || >=22.12.0
44 silly packumentCache full:https://registry.npmjs.org/@types%2fnode cache-miss
45 http fetch GET 200 https://registry.npmjs.org/@types%2fnode 206ms (cache miss)
46 silly packumentCache full:https://registry.npmjs.org/@types%2fnode set size:undefined disposed:false
47 silly fetch manifest @vitejs/devtools@^0.1.18
48 silly packumentCache full:https://registry.npmjs.org/@vitejs%2fdevtools cache-miss
49 http fetch GET 200 https://registry.npmjs.org/@vitejs%2fdevtools 49ms (cache miss)
50 silly packumentCache full:https://registry.npmjs.org/@vitejs%2fdevtools set size:undefined disposed:false
51 silly fetch manifest esbuild@^0.27.0 || ^0.28.0
52 silly packumentCache full:https://registry.npmjs.org/esbuild cache-miss
53 http fetch GET 200 https://registry.npmjs.org/esbuild 79ms (cache miss)
54 silly packumentCache full:https://registry.npmjs.org/esbuild set size:undefined disposed:false
55 silly fetch manifest jiti@>=1.21.0
56 silly packumentCache full:https://registry.npmjs.org/jiti cache-miss
57 http fetch GET 200 https://registry.npmjs.org/jiti 42ms (cache miss)
58 silly packumentCache full:https://registry.npmjs.org/jiti set size:undefined disposed:false
59 silly fetch manifest less@^4.0.0
60 silly packumentCache full:https://registry.npmjs.org/less cache-miss
61 http fetch GET 200 https://registry.npmjs.org/less 48ms (cache miss)
62 silly packumentCache full:https://registry.npmjs.org/less set size:undefined disposed:false
63 silly fetch manifest sass@^1.70.0
64 silly packumentCache full:https://registry.npmjs.org/sass cache-miss
65 http fetch GET 200 https://registry.npmjs.org/sass 54ms (cache miss)
66 silly packumentCache full:https://registry.npmjs.org/sass set size:undefined disposed:false
67 silly fetch manifest sass-embedded@^1.70.0
68 silly packumentCache full:https://registry.npmjs.org/sass-embedded cache-miss
69 http fetch GET 200 https://registry.npmjs.org/sass-embedded 39ms (cache miss)
70 silly packumentCache full:https://registry.npmjs.org/sass-embedded set size:undefined disposed:false
71 silly fetch manifest stylus@>=0.54.8
72 silly packumentCache full:https://registry.npmjs.org/stylus cache-miss
73 http fetch GET 200 https://registry.npmjs.org/stylus 41ms (cache miss)
74 silly packumentCache full:https://registry.npmjs.org/stylus set size:undefined disposed:false
75 silly fetch manifest sugarss@^5.0.0
76 silly packumentCache full:https://registry.npmjs.org/sugarss cache-miss
77 http fetch GET 200 https://registry.npmjs.org/sugarss 35ms (cache miss)
78 silly packumentCache full:https://registry.npmjs.org/sugarss set size:undefined disposed:false
79 silly fetch manifest postcss@^8.3.3
80 silly packumentCache full:https://registry.npmjs.org/postcss cache-miss
81 http fetch GET 200 https://registry.npmjs.org/postcss 46ms (cache miss)
82 silly packumentCache full:https://registry.npmjs.org/postcss set size:undefined disposed:false
83 silly fetch manifest terser@^5.16.0
84 silly packumentCache full:https://registry.npmjs.org/terser cache-miss
85 http fetch GET 200 https://registry.npmjs.org/terser 53ms (cache miss)
86 silly packumentCache full:https://registry.npmjs.org/terser set size:undefined disposed:false
87 silly fetch manifest tsx@^4.8.1
88 silly packumentCache full:https://registry.npmjs.org/tsx cache-miss
89 http fetch GET 200 https://registry.npmjs.org/tsx 40ms (cache miss)
90 silly packumentCache full:https://registry.npmjs.org/tsx set size:undefined disposed:false
91 silly fetch manifest yaml@^2.4.2
92 silly packumentCache full:https://registry.npmjs.org/yaml cache-miss
93 http fetch GET 200 https://registry.npmjs.org/yaml 43ms (cache miss)
94 silly packumentCache full:https://registry.npmjs.org/yaml set size:undefined disposed:false
95 silly fetch manifest babel-plugin-react-compiler@^1.0.0
96 silly packumentCache full:https://registry.npmjs.org/babel-plugin-react-compiler cache-miss
97 http fetch GET 200 https://registry.npmjs.org/babel-plugin-react-compiler 46ms (cache miss)
98 silly packumentCache full:https://registry.npmjs.org/babel-plugin-react-compiler set size:undefined disposed:false
99 silly fetch manifest react@latest
100 silly packumentCache full:https://registry.npmjs.org/react cache-miss
101 http fetch GET 200 https://registry.npmjs.org/react 168ms (cache miss)
102 silly packumentCache full:https://registry.npmjs.org/react set size:undefined disposed:false
103 silly fetch manifest react-dom@latest
104 silly packumentCache full:https://registry.npmjs.org/react-dom cache-miss
105 http fetch GET 200 https://registry.npmjs.org/react-dom 181ms (cache miss)
106 silly packumentCache full:https://registry.npmjs.org/react-dom set size:undefined disposed:false
107 silly placeDep ROOT @vitejs/plugin-react@6.0.1 OK for:  want: latest
108 silly placeDep ROOT vite@8.0.11 OK for: @vitejs/plugin-react@6.0.1 want: ^8.0.0
109 silly placeDep ROOT react@19.2.6 OK for:  want: latest
110 silly placeDep ROOT react-dom@19.2.6 OK for:  want: latest
111 silly fetch manifest @rolldown/pluginutils@1.0.0-rc.7
112 silly packumentCache full:https://registry.npmjs.org/@rolldown%2fpluginutils cache-miss
113 silly fetch manifest postcss@^8.5.14
114 silly packumentCache full:https://registry.npmjs.org/postcss cache-miss
115 silly fetch manifest rolldown@1.0.0-rc.18
116 silly packumentCache full:https://registry.npmjs.org/rolldown cache-miss
117 silly fetch manifest picomatch@^4.0.4
118 silly packumentCache full:https://registry.npmjs.org/picomatch cache-miss
119 silly fetch manifest tinyglobby@^0.2.16
120 silly packumentCache full:https://registry.npmjs.org/tinyglobby cache-miss
121 silly fetch manifest lightningcss@^1.32.0
122 silly packumentCache full:https://registry.npmjs.org/lightningcss cache-miss
123 silly fetch manifest fsevents@~2.3.3
124 silly packumentCache full:https://registry.npmjs.org/fsevents cache-miss
125 silly fetch manifest scheduler@^0.27.0
126 silly packumentCache full:https://registry.npmjs.org/scheduler cache-miss
127 http cache https://registry.npmjs.org/postcss 10ms (cache hit)
128 silly packumentCache full:https://registry.npmjs.org/postcss set size:720302 disposed:false
129 http cache https://registry.npmjs.org/rolldown 14ms (cache hit)
130 silly packumentCache full:https://registry.npmjs.org/rolldown set size:3701484 disposed:false
131 http fetch GET 200 https://registry.npmjs.org/picomatch 35ms (cache miss)
132 silly packumentCache full:https://registry.npmjs.org/picomatch set size:undefined disposed:false
133 http fetch GET 200 https://registry.npmjs.org/@rolldown%2fpluginutils 60ms (cache miss)
134 silly packumentCache full:https://registry.npmjs.org/@rolldown%2fpluginutils set size:undefined disposed:false
135 http fetch GET 200 https://registry.npmjs.org/tinyglobby 83ms (cache miss)
136 silly packumentCache full:https://registry.npmjs.org/tinyglobby set size:undefined disposed:false
137 http fetch GET 200 https://registry.npmjs.org/fsevents 93ms (cache miss)
138 silly packumentCache full:https://registry.npmjs.org/fsevents set size:undefined disposed:false
139 http fetch GET 200 https://registry.npmjs.org/lightningcss 106ms (cache miss)
140 silly packumentCache full:https://registry.npmjs.org/lightningcss set size:undefined disposed:false
141 http fetch GET 200 https://registry.npmjs.org/scheduler 225ms (cache miss)
142 silly packumentCache full:https://registry.npmjs.org/scheduler set size:undefined disposed:false
143 silly placeDep ROOT @rolldown/pluginutils@1.0.0-rc.7 OK for: @vitejs/plugin-react@6.0.1 want: 1.0.0-rc.7
144 silly placeDep ROOT scheduler@0.27.0 OK for: react-dom@19.2.6 want: ^0.27.0
145 silly placeDep ROOT fsevents@2.3.3 OK for: vite@8.0.11 want: ~2.3.3
146 silly placeDep ROOT lightningcss@1.32.0 OK for: vite@8.0.11 want: ^1.32.0
147 silly placeDep ROOT picomatch@4.0.4 OK for: vite@8.0.11 want: ^4.0.4
148 silly placeDep ROOT postcss@8.5.14 OK for: vite@8.0.11 want: ^8.5.14
149 silly placeDep ROOT rolldown@1.0.0-rc.18 OK for: vite@8.0.11 want: 1.0.0-rc.18
150 silly placeDep ROOT tinyglobby@0.2.16 OK for: vite@8.0.11 want: ^0.2.16
151 silly fetch manifest detect-libc@^2.0.3
152 silly packumentCache full:https://registry.npmjs.org/detect-libc cache-miss
153 silly fetch manifest lightningcss-darwin-x64@1.32.0
154 silly packumentCache full:https://registry.npmjs.org/lightningcss-darwin-x64 cache-miss
155 silly fetch manifest lightningcss-linux-x64-gnu@1.32.0
156 silly packumentCache full:https://registry.npmjs.org/lightningcss-linux-x64-gnu cache-miss
157 silly fetch manifest lightningcss-win32-x64-msvc@1.32.0
158 silly packumentCache full:https://registry.npmjs.org/lightningcss-win32-x64-msvc cache-miss
159 silly fetch manifest lightningcss-win32-arm64-msvc@1.32.0
160 silly packumentCache full:https://registry.npmjs.org/lightningcss-win32-arm64-msvc cache-miss
161 silly fetch manifest lightningcss-darwin-arm64@1.32.0
162 silly packumentCache full:https://registry.npmjs.org/lightningcss-darwin-arm64 cache-miss
163 silly fetch manifest lightningcss-linux-arm64-gnu@1.32.0
164 silly packumentCache full:https://registry.npmjs.org/lightningcss-linux-arm64-gnu cache-miss
165 silly fetch manifest lightningcss-linux-arm-gnueabihf@1.32.0
166 silly packumentCache full:https://registry.npmjs.org/lightningcss-linux-arm-gnueabihf cache-miss
167 silly fetch manifest lightningcss-linux-arm64-musl@1.32.0
168 silly packumentCache full:https://registry.npmjs.org/lightningcss-linux-arm64-musl cache-miss
169 silly fetch manifest lightningcss-linux-x64-musl@1.32.0
170 silly packumentCache full:https://registry.npmjs.org/lightningcss-linux-x64-musl cache-miss
171 silly fetch manifest lightningcss-freebsd-x64@1.32.0
172 silly packumentCache full:https://registry.npmjs.org/lightningcss-freebsd-x64 cache-miss
173 silly fetch manifest lightningcss-android-arm64@1.32.0
174 silly packumentCache full:https://registry.npmjs.org/lightningcss-android-arm64 cache-miss
175 silly fetch manifest nanoid@^3.3.11
176 silly packumentCache full:https://registry.npmjs.org/nanoid cache-miss
177 silly fetch manifest picocolors@^1.1.1
178 silly packumentCache full:https://registry.npmjs.org/picocolors cache-miss
179 silly fetch manifest source-map-js@^1.2.1
180 silly packumentCache full:https://registry.npmjs.org/source-map-js cache-miss
181 http fetch GET 200 https://registry.npmjs.org/detect-libc 29ms (cache miss)
182 silly packumentCache full:https://registry.npmjs.org/detect-libc set size:undefined disposed:false
183 silly fetch manifest @oxc-project/types@=0.128.0
184 silly packumentCache full:https://registry.npmjs.org/@oxc-project%2ftypes cache-miss
185 http fetch GET 200 https://registry.npmjs.org/lightningcss-darwin-arm64 33ms (cache miss)
186 silly packumentCache full:https://registry.npmjs.org/lightningcss-darwin-arm64 set size:undefined disposed:false
187 silly fetch manifest @rolldown/pluginutils@1.0.0-rc.18
188 silly packumentCache full:https://registry.npmjs.org/@rolldown%2fpluginutils cache-miss
189 http fetch GET 200 https://registry.npmjs.org/lightningcss-darwin-x64 33ms (cache miss)
190 silly packumentCache full:https://registry.npmjs.org/lightningcss-darwin-x64 set size:undefined disposed:false
191 silly fetch manifest @rolldown/binding-darwin-x64@1.0.0-rc.18
192 silly packumentCache full:https://registry.npmjs.org/@rolldown%2fbinding-darwin-x64 cache-miss
193 http fetch GET 200 https://registry.npmjs.org/lightningcss-win32-x64-msvc 39ms (cache miss)
194 silly packumentCache full:https://registry.npmjs.org/lightningcss-win32-x64-msvc set size:undefined disposed:false
195 silly fetch manifest @rolldown/binding-freebsd-x64@1.0.0-rc.18
196 silly packumentCache full:https://registry.npmjs.org/@rolldown%2fbinding-freebsd-x64 cache-miss
197 http cache https://registry.npmjs.org/@rolldown%2fpluginutils 8ms (cache hit)
198 silly packumentCache full:https://registry.npmjs.org/@rolldown%2fpluginutils set size:294440 disposed:false
199 silly fetch manifest @rolldown/binding-wasm32-wasi@1.0.0-rc.18
200 silly packumentCache full:https://registry.npmjs.org/@rolldown%2fbinding-wasm32-wasi cache-miss
201 http fetch GET 200 https://registry.npmjs.org/lightningcss-linux-x64-gnu 43ms (cache miss)
202 silly packumentCache full:https://registry.npmjs.org/lightningcss-linux-x64-gnu set size:undefined disposed:false
203 silly fetch manifest @rolldown/binding-darwin-arm64@1.0.0-rc.18
204 silly packumentCache full:https://registry.npmjs.org/@rolldown%2fbinding-darwin-arm64 cache-miss
205 http fetch GET 200 https://registry.npmjs.org/lightningcss-win32-arm64-msvc 48ms (cache miss)
206 silly packumentCache full:https://registry.npmjs.org/lightningcss-win32-arm64-msvc set size:undefined disposed:false
207 silly fetch manifest @rolldown/binding-android-arm64@1.0.0-rc.18
208 silly packumentCache full:https://registry.npmjs.org/@rolldown%2fbinding-android-arm64 cache-miss
209 http fetch GET 200 https://registry.npmjs.org/lightningcss-linux-arm64-musl 77ms (cache miss)
210 silly packumentCache full:https://registry.npmjs.org/lightningcss-linux-arm64-musl set size:undefined disposed:false
211 silly fetch manifest @rolldown/binding-linux-x64-gnu@1.0.0-rc.18
212 silly packumentCache full:https://registry.npmjs.org/@rolldown%2fbinding-linux-x64-gnu cache-miss
213 http fetch GET 200 https://registry.npmjs.org/@oxc-project%2ftypes 47ms (cache miss)
214 silly packumentCache full:https://registry.npmjs.org/@oxc-project%2ftypes set size:undefined disposed:false
215 silly fetch manifest @rolldown/binding-linux-x64-musl@1.0.0-rc.18
216 silly packumentCache full:https://registry.npmjs.org/@rolldown%2fbinding-linux-x64-musl cache-miss
217 http fetch GET 200 https://registry.npmjs.org/picocolors 82ms (cache miss)
218 silly packumentCache full:https://registry.npmjs.org/picocolors set size:undefined disposed:false
219 silly fetch manifest @rolldown/binding-win32-x64-msvc@1.0.0-rc.18
220 silly packumentCache full:https://registry.npmjs.org/@rolldown%2fbinding-win32-x64-msvc cache-miss
221 http fetch GET 200 https://registry.npmjs.org/lightningcss-freebsd-x64 83ms (cache miss)
222 silly packumentCache full:https://registry.npmjs.org/lightningcss-freebsd-x64 set size:undefined disposed:false
223 silly fetch manifest @rolldown/binding-linux-arm64-gnu@1.0.0-rc.18
224 silly packumentCache full:https://registry.npmjs.org/@rolldown%2fbinding-linux-arm64-gnu cache-miss
225 http fetch GET 200 https://registry.npmjs.org/lightningcss-linux-arm64-gnu 84ms (cache miss)
226 silly packumentCache full:https://registry.npmjs.org/lightningcss-linux-arm64-gnu set size:undefined disposed:false
227 silly fetch manifest @rolldown/binding-linux-ppc64-gnu@1.0.0-rc.18
228 silly packumentCache full:https://registry.npmjs.org/@rolldown%2fbinding-linux-ppc64-gnu cache-miss
229 http fetch GET 200 https://registry.npmjs.org/lightningcss-linux-arm-gnueabihf 84ms (cache miss)
230 silly packumentCache full:https://registry.npmjs.org/lightningcss-linux-arm-gnueabihf set size:undefined disposed:false
231 silly fetch manifest @rolldown/binding-linux-s390x-gnu@1.0.0-rc.18
232 silly packumentCache full:https://registry.npmjs.org/@rolldown%2fbinding-linux-s390x-gnu cache-miss
233 http fetch GET 200 https://registry.npmjs.org/source-map-js 85ms (cache miss)
234 silly packumentCache full:https://registry.npmjs.org/source-map-js set size:undefined disposed:false
235 silly fetch manifest @rolldown/binding-linux-arm64-musl@1.0.0-rc.18
236 silly packumentCache full:https://registry.npmjs.org/@rolldown%2fbinding-linux-arm64-musl cache-miss
237 http fetch GET 200 https://registry.npmjs.org/lightningcss-android-arm64 88ms (cache miss)
238 silly packumentCache full:https://registry.npmjs.org/lightningcss-android-arm64 set size:undefined disposed:false
239 silly fetch manifest @rolldown/binding-win32-arm64-msvc@1.0.0-rc.18
240 silly packumentCache full:https://registry.npmjs.org/@rolldown%2fbinding-win32-arm64-msvc cache-miss
241 http fetch GET 200 https://registry.npmjs.org/lightningcss-linux-x64-musl 93ms (cache miss)
242 silly packumentCache full:https://registry.npmjs.org/lightningcss-linux-x64-musl set size:undefined disposed:false
243 silly fetch manifest @rolldown/binding-openharmony-arm64@1.0.0-rc.18
244 silly packumentCache full:https://registry.npmjs.org/@rolldown%2fbinding-openharmony-arm64 cache-miss
245 http fetch GET 200 https://registry.npmjs.org/nanoid 97ms (cache miss)
246 silly packumentCache full:https://registry.npmjs.org/nanoid set size:undefined disposed:false
247 silly fetch manifest @rolldown/binding-linux-arm-gnueabihf@1.0.0-rc.18
248 silly packumentCache full:https://registry.npmjs.org/@rolldown%2fbinding-linux-arm-gnueabihf cache-miss
249 http fetch GET 200 https://registry.npmjs.org/@rolldown%2fbinding-darwin-x64 68ms (cache miss)
250 silly packumentCache full:https://registry.npmjs.org/@rolldown%2fbinding-darwin-x64 set size:undefined disposed:false
251 silly fetch manifest fdir@^6.5.0
252 silly packumentCache full:https://registry.npmjs.org/fdir cache-miss
253 http fetch GET 200 https://registry.npmjs.org/@rolldown%2fbinding-android-arm64 62ms (cache miss)
254 silly packumentCache full:https://registry.npmjs.org/@rolldown%2fbinding-android-arm64 set size:undefined disposed:false
255 http fetch GET 200 https://registry.npmjs.org/@rolldown%2fbinding-wasm32-wasi 80ms (cache miss)
256 silly packumentCache full:https://registry.npmjs.org/@rolldown%2fbinding-wasm32-wasi set size:undefined disposed:false
257 http fetch GET 200 https://registry.npmjs.org/@rolldown%2fbinding-darwin-arm64 82ms (cache miss)
258 silly packumentCache full:https://registry.npmjs.org/@rolldown%2fbinding-darwin-arm64 set size:undefined disposed:false
259 http fetch GET 200 https://registry.npmjs.org/@rolldown%2fbinding-linux-ppc64-gnu 46ms (cache miss)
260 silly packumentCache full:https://registry.npmjs.org/@rolldown%2fbinding-linux-ppc64-gnu set size:undefined disposed:false
261 http fetch GET 200 https://registry.npmjs.org/@rolldown%2fbinding-linux-s390x-gnu 47ms (cache miss)
262 silly packumentCache full:https://registry.npmjs.org/@rolldown%2fbinding-linux-s390x-gnu set size:undefined disposed:false
263 http fetch GET 200 https://registry.npmjs.org/fdir 34ms (cache miss)
264 silly packumentCache full:https://registry.npmjs.org/fdir set size:undefined disposed:false
265 http fetch GET 200 https://registry.npmjs.org/@rolldown%2fbinding-linux-x64-gnu 78ms (cache miss)
266 silly packumentCache full:https://registry.npmjs.org/@rolldown%2fbinding-linux-x64-gnu set size:undefined disposed:false
267 http fetch GET 200 https://registry.npmjs.org/@rolldown%2fbinding-openharmony-arm64 73ms (cache miss)
268 silly packumentCache full:https://registry.npmjs.org/@rolldown%2fbinding-openharmony-arm64 set size:undefined disposed:false
269 http fetch GET 200 https://registry.npmjs.org/@rolldown%2fbinding-linux-x64-musl 90ms (cache miss)
270 silly packumentCache full:https://registry.npmjs.org/@rolldown%2fbinding-linux-x64-musl set size:undefined disposed:false
271 http fetch GET 200 https://registry.npmjs.org/@rolldown%2fbinding-linux-arm64-musl 86ms (cache miss)
272 silly packumentCache full:https://registry.npmjs.org/@rolldown%2fbinding-linux-arm64-musl set size:undefined disposed:false
273 http fetch GET 200 https://registry.npmjs.org/@rolldown%2fbinding-win32-x64-msvc 93ms (cache miss)
274 silly packumentCache full:https://registry.npmjs.org/@rolldown%2fbinding-win32-x64-msvc set size:undefined disposed:false
275 http fetch GET 200 https://registry.npmjs.org/@rolldown%2fbinding-linux-arm-gnueabihf 84ms (cache miss)
276 silly packumentCache full:https://registry.npmjs.org/@rolldown%2fbinding-linux-arm-gnueabihf set size:undefined disposed:false
277 http fetch GET 200 https://registry.npmjs.org/@rolldown%2fbinding-linux-arm64-gnu 103ms (cache miss)
278 silly packumentCache full:https://registry.npmjs.org/@rolldown%2fbinding-linux-arm64-gnu set size:undefined disposed:false
279 http fetch GET 200 https://registry.npmjs.org/@rolldown%2fbinding-win32-arm64-msvc 105ms (cache miss)
280 silly packumentCache full:https://registry.npmjs.org/@rolldown%2fbinding-win32-arm64-msvc set size:undefined disposed:false
281 http fetch GET 200 https://registry.npmjs.org/@rolldown%2fbinding-freebsd-x64 156ms (cache miss)
282 silly packumentCache full:https://registry.npmjs.org/@rolldown%2fbinding-freebsd-x64 set size:undefined disposed:false
283 silly placeDep ROOT detect-libc@2.1.2 OK for: lightningcss@1.32.0 want: ^2.0.3
284 silly placeDep ROOT lightningcss-android-arm64@1.32.0 OK for: lightningcss@1.32.0 want: 1.32.0
285 silly placeDep ROOT lightningcss-darwin-arm64@1.32.0 OK for: lightningcss@1.32.0 want: 1.32.0
286 silly placeDep ROOT lightningcss-darwin-x64@1.32.0 OK for: lightningcss@1.32.0 want: 1.32.0
287 silly placeDep ROOT lightningcss-freebsd-x64@1.32.0 OK for: lightningcss@1.32.0 want: 1.32.0
288 silly placeDep ROOT lightningcss-linux-arm-gnueabihf@1.32.0 OK for: lightningcss@1.32.0 want: 1.32.0
289 silly placeDep ROOT lightningcss-linux-arm64-gnu@1.32.0 OK for: lightningcss@1.32.0 want: 1.32.0
290 silly placeDep ROOT lightningcss-linux-arm64-musl@1.32.0 OK for: lightningcss@1.32.0 want: 1.32.0
291 silly placeDep ROOT lightningcss-linux-x64-gnu@1.32.0 OK for: lightningcss@1.32.0 want: 1.32.0
292 silly placeDep ROOT lightningcss-linux-x64-musl@1.32.0 OK for: lightningcss@1.32.0 want: 1.32.0
293 silly placeDep ROOT lightningcss-win32-arm64-msvc@1.32.0 OK for: lightningcss@1.32.0 want: 1.32.0
294 silly placeDep ROOT lightningcss-win32-x64-msvc@1.32.0 OK for: lightningcss@1.32.0 want: 1.32.0
295 silly placeDep ROOT nanoid@3.3.12 OK for: postcss@8.5.14 want: ^3.3.11
296 silly placeDep ROOT picocolors@1.1.1 OK for: postcss@8.5.14 want: ^1.1.1
297 silly placeDep ROOT source-map-js@1.2.1 OK for: postcss@8.5.14 want: ^1.2.1
298 silly placeDep ROOT @oxc-project/types@0.128.0 OK for: rolldown@1.0.0-rc.18 want: =0.128.0
299 silly placeDep ROOT @rolldown/binding-android-arm64@1.0.0-rc.18 OK for: rolldown@1.0.0-rc.18 want: 1.0.0-rc.18
300 silly placeDep ROOT @rolldown/binding-darwin-arm64@1.0.0-rc.18 OK for: rolldown@1.0.0-rc.18 want: 1.0.0-rc.18
301 silly placeDep ROOT @rolldown/binding-darwin-x64@1.0.0-rc.18 OK for: rolldown@1.0.0-rc.18 want: 1.0.0-rc.18
302 silly placeDep ROOT @rolldown/binding-freebsd-x64@1.0.0-rc.18 OK for: rolldown@1.0.0-rc.18 want: 1.0.0-rc.18
303 silly placeDep ROOT @rolldown/binding-linux-arm-gnueabihf@1.0.0-rc.18 OK for: rolldown@1.0.0-rc.18 want: 1.0.0-rc.18
304 silly placeDep ROOT @rolldown/binding-linux-arm64-gnu@1.0.0-rc.18 OK for: rolldown@1.0.0-rc.18 want: 1.0.0-rc.18
305 silly placeDep ROOT @rolldown/binding-linux-arm64-musl@1.0.0-rc.18 OK for: rolldown@1.0.0-rc.18 want: 1.0.0-rc.18
306 silly placeDep ROOT @rolldown/binding-linux-ppc64-gnu@1.0.0-rc.18 OK for: rolldown@1.0.0-rc.18 want: 1.0.0-rc.18
307 silly placeDep ROOT @rolldown/binding-linux-s390x-gnu@1.0.0-rc.18 OK for: rolldown@1.0.0-rc.18 want: 1.0.0-rc.18
308 silly placeDep ROOT @rolldown/binding-linux-x64-gnu@1.0.0-rc.18 OK for: rolldown@1.0.0-rc.18 want: 1.0.0-rc.18
309 silly placeDep ROOT @rolldown/binding-linux-x64-musl@1.0.0-rc.18 OK for: rolldown@1.0.0-rc.18 want: 1.0.0-rc.18
310 silly placeDep ROOT @rolldown/binding-openharmony-arm64@1.0.0-rc.18 OK for: rolldown@1.0.0-rc.18 want: 1.0.0-rc.18
311 silly placeDep ROOT @rolldown/binding-wasm32-wasi@1.0.0-rc.18 OK for: rolldown@1.0.0-rc.18 want: 1.0.0-rc.18
312 silly placeDep ROOT @rolldown/binding-win32-arm64-msvc@1.0.0-rc.18 OK for: rolldown@1.0.0-rc.18 want: 1.0.0-rc.18
313 silly placeDep ROOT @rolldown/binding-win32-x64-msvc@1.0.0-rc.18 OK for: rolldown@1.0.0-rc.18 want: 1.0.0-rc.18
314 silly placeDep node_modules/rolldown @rolldown/pluginutils@1.0.0-rc.18 OK for: rolldown@1.0.0-rc.18 want: 1.0.0-rc.18
315 silly fetch manifest @emnapi/core@1.10.0
316 silly packumentCache full:https://registry.npmjs.org/@emnapi%2fcore cache-miss
317 silly fetch manifest @emnapi/runtime@1.10.0
318 silly packumentCache full:https://registry.npmjs.org/@emnapi%2fruntime cache-miss
319 silly fetch manifest @napi-rs/wasm-runtime@^1.1.4
320 silly packumentCache full:https://registry.npmjs.org/@napi-rs%2fwasm-runtime cache-miss
321 http fetch GET 200 https://registry.npmjs.org/@napi-rs%2fwasm-runtime 47ms (cache miss)
322 silly packumentCache full:https://registry.npmjs.org/@napi-rs%2fwasm-runtime set size:undefined disposed:false
323 http fetch GET 200 https://registry.npmjs.org/@emnapi%2fruntime 51ms (cache miss)
324 silly packumentCache full:https://registry.npmjs.org/@emnapi%2fruntime set size:undefined disposed:false
325 http fetch GET 200 https://registry.npmjs.org/@emnapi%2fcore 73ms (cache miss)
326 silly packumentCache full:https://registry.npmjs.org/@emnapi%2fcore set size:undefined disposed:false
327 silly placeDep ROOT @emnapi/core@1.10.0 OK for: @rolldown/binding-wasm32-wasi@1.0.0-rc.18 want: 1.10.0
328 silly placeDep ROOT @emnapi/runtime@1.10.0 OK for: @rolldown/binding-wasm32-wasi@1.0.0-rc.18 want: 1.10.0
329 silly placeDep ROOT @napi-rs/wasm-runtime@1.1.4 OK for: @rolldown/binding-wasm32-wasi@1.0.0-rc.18 want: ^1.1.4
330 silly fetch manifest @emnapi/wasi-threads@1.2.1
331 silly packumentCache full:https://registry.npmjs.org/@emnapi%2fwasi-threads cache-miss
332 silly fetch manifest tslib@^2.4.0
333 silly packumentCache full:https://registry.npmjs.org/tslib cache-miss
334 silly fetch manifest tslib@^2.4.0
335 silly packumentCache full:https://registry.npmjs.org/tslib cache-miss
336 silly fetch manifest @tybys/wasm-util@^0.10.1
337 silly packumentCache full:https://registry.npmjs.org/@tybys%2fwasm-util cache-miss
338 http fetch GET 200 https://registry.npmjs.org/tslib 34ms (cache miss)
339 silly packumentCache full:https://registry.npmjs.org/tslib set size:undefined disposed:false
340 http fetch GET 200 https://registry.npmjs.org/@emnapi%2fwasi-threads 41ms (cache miss)
341 silly packumentCache full:https://registry.npmjs.org/@emnapi%2fwasi-threads set size:undefined disposed:false
342 http fetch GET 200 https://registry.npmjs.org/tslib 42ms (cache miss)
343 silly packumentCache full:https://registry.npmjs.org/tslib set size:undefined disposed:false
344 http fetch GET 200 https://registry.npmjs.org/@tybys%2fwasm-util 51ms (cache miss)
345 silly packumentCache full:https://registry.npmjs.org/@tybys%2fwasm-util set size:undefined disposed:false
346 silly placeDep ROOT @emnapi/wasi-threads@1.2.1 OK for: @emnapi/core@1.10.0 want: 1.2.1
347 silly placeDep ROOT tslib@2.8.1 OK for: @emnapi/core@1.10.0 want: ^2.4.0
348 silly placeDep ROOT @tybys/wasm-util@0.10.2 OK for: @napi-rs/wasm-runtime@1.1.4 want: ^0.10.1
349 silly placeDep ROOT fdir@6.5.0 OK for: tinyglobby@0.2.16 want: ^6.5.0
350 silly reify moves {}
351 silly audit bulk request {
351 silly audit   '@vitejs/plugin-react': [ '6.0.1' ],
351 silly audit   vite: [ '8.0.11' ],
351 silly audit   react: [ '19.2.6' ],
351 silly audit   'react-dom': [ '19.2.6' ],
351 silly audit   '@rolldown/pluginutils': [ '1.0.0-rc.7', '1.0.0-rc.18' ],
351 silly audit   scheduler: [ '0.27.0' ],
351 silly audit   fsevents: [ '2.3.3' ],
351 silly audit   lightningcss: [ '1.32.0' ],
351 silly audit   picomatch: [ '4.0.4' ],
351 silly audit   postcss: [ '8.5.14' ],
351 silly audit   rolldown: [ '1.0.0-rc.18' ],
351 silly audit   tinyglobby: [ '0.2.16' ],
351 silly audit   'detect-libc': [ '2.1.2' ],
351 silly audit   'lightningcss-android-arm64': [ '1.32.0' ],
351 silly audit   'lightningcss-darwin-arm64': [ '1.32.0' ],
351 silly audit   'lightningcss-darwin-x64': [ '1.32.0' ],
351 silly audit   'lightningcss-freebsd-x64': [ '1.32.0' ],
351 silly audit   'lightningcss-linux-arm-gnueabihf': [ '1.32.0' ],
351 silly audit   'lightningcss-linux-arm64-gnu': [ '1.32.0' ],
351 silly audit   'lightningcss-linux-arm64-musl': [ '1.32.0' ],
351 silly audit   'lightningcss-linux-x64-gnu': [ '1.32.0' ],
351 silly audit   'lightningcss-linux-x64-musl': [ '1.32.0' ],
351 silly audit   'lightningcss-win32-arm64-msvc': [ '1.32.0' ],
351 silly audit   'lightningcss-win32-x64-msvc': [ '1.32.0' ],
351 silly audit   nanoid: [ '3.3.12' ],
351 silly audit   picocolors: [ '1.1.1' ],
351 silly audit   'source-map-js': [ '1.2.1' ],
351 silly audit   '@oxc-project/types': [ '0.128.0' ],
351 silly audit   '@rolldown/binding-android-arm64': [ '1.0.0-rc.18' ],
351 silly audit   '@rolldown/binding-darwin-arm64': [ '1.0.0-rc.18' ],
351 silly audit   '@rolldown/binding-darwin-x64': [ '1.0.0-rc.18' ],
351 silly audit   '@rolldown/binding-freebsd-x64': [ '1.0.0-rc.18' ],
351 silly audit   '@rolldown/binding-linux-arm-gnueabihf': [ '1.0.0-rc.18' ],
351 silly audit   '@rolldown/binding-linux-arm64-gnu': [ '1.0.0-rc.18' ],
351 silly audit   '@rolldown/binding-linux-arm64-musl': [ '1.0.0-rc.18' ],
351 silly audit   '@rolldown/binding-linux-ppc64-gnu': [ '1.0.0-rc.18' ],
351 silly audit   '@rolldown/binding-linux-s390x-gnu': [ '1.0.0-rc.18' ],
351 silly audit   '@rolldown/binding-linux-x64-gnu': [ '1.0.0-rc.18' ],
351 silly audit   '@rolldown/binding-linux-x64-musl': [ '1.0.0-rc.18' ],
351 silly audit   '@rolldown/binding-openharmony-arm64': [ '1.0.0-rc.18' ],
351 silly audit   '@rolldown/binding-wasm32-wasi': [ '1.0.0-rc.18' ],
351 silly audit   '@rolldown/binding-win32-arm64-msvc': [ '1.0.0-rc.18' ],
351 silly audit   '@rolldown/binding-win32-x64-msvc': [ '1.0.0-rc.18' ],
351 silly audit   '@emnapi/core': [ '1.10.0' ],
351 silly audit   '@emnapi/runtime': [ '1.10.0' ],
351 silly audit   '@napi-rs/wasm-runtime': [ '1.1.4' ],
351 silly audit   '@emnapi/wasi-threads': [ '1.2.1' ],
351 silly audit   tslib: [ '2.8.1' ],
351 silly audit   '@tybys/wasm-util': [ '0.10.2' ],
351 silly audit   fdir: [ '6.5.0' ]
351 silly audit }
352 http cache fdir@https://registry.npmjs.org/fdir/-/fdir-6.5.0.tgz 0ms (cache hit)
353 http cache source-map-js@https://registry.npmjs.org/source-map-js/-/source-map-js-1.2.1.tgz 0ms (cache hit)
354 http cache @oxc-project/types@https://registry.npmjs.org/@oxc-project/types/-/types-0.128.0.tgz 0ms (cache hit)
355 http cache @rolldown/binding-darwin-arm64@https://registry.npmjs.org/@rolldown/binding-darwin-arm64/-/binding-darwin-arm64-1.0.0-rc.18.tgz 0ms (cache hit)
356 http cache nanoid@https://registry.npmjs.org/nanoid/-/nanoid-3.3.12.tgz 0ms (cache hit)
357 http cache lightningcss-darwin-arm64@https://registry.npmjs.org/lightningcss-darwin-arm64/-/lightningcss-darwin-arm64-1.32.0.tgz 0ms (cache hit)
358 http cache picocolors@https://registry.npmjs.org/picocolors/-/picocolors-1.1.1.tgz 0ms (cache hit)
359 http cache detect-libc@https://registry.npmjs.org/detect-libc/-/detect-libc-2.1.2.tgz 0ms (cache hit)
360 http cache tinyglobby@https://registry.npmjs.org/tinyglobby/-/tinyglobby-0.2.16.tgz 0ms (cache hit)
361 http cache rolldown@https://registry.npmjs.org/rolldown/-/rolldown-1.0.0-rc.18.tgz 0ms (cache hit)
362 http cache postcss@https://registry.npmjs.org/postcss/-/postcss-8.5.14.tgz 0ms (cache hit)
363 http cache picomatch@https://registry.npmjs.org/picomatch/-/picomatch-4.0.4.tgz 0ms (cache hit)
364 http cache fsevents@https://registry.npmjs.org/fsevents/-/fsevents-2.3.3.tgz 0ms (cache hit)
365 http cache scheduler@https://registry.npmjs.org/scheduler/-/scheduler-0.27.0.tgz 0ms (cache hit)
366 http cache @rolldown/pluginutils@https://registry.npmjs.org/@rolldown/pluginutils/-/pluginutils-1.0.0-rc.7.tgz 0ms (cache hit)
367 http cache react-dom@https://registry.npmjs.org/react-dom/-/react-dom-19.2.6.tgz 0ms (cache hit)
368 http cache react@https://registry.npmjs.org/react/-/react-19.2.6.tgz 0ms (cache hit)
369 http cache vite@https://registry.npmjs.org/vite/-/vite-8.0.11.tgz 0ms (cache hit)
370 http cache lightningcss@https://registry.npmjs.org/lightningcss/-/lightningcss-1.32.0.tgz 0ms (cache hit)
371 http cache @vitejs/plugin-react@https://registry.npmjs.org/@vitejs/plugin-react/-/plugin-react-6.0.1.tgz 0ms (cache hit)
372 http cache @rolldown/pluginutils@https://registry.npmjs.org/@rolldown/pluginutils/-/pluginutils-1.0.0-rc.18.tgz 0ms (cache hit)
373 silly tarball no local data for fdir@https://registry.npmjs.org/fdir/-/fdir-6.5.0.tgz. Extracting by manifest.
374 silly tarball no local data for source-map-js@https://registry.npmjs.org/source-map-js/-/source-map-js-1.2.1.tgz. Extracting by manifest.
375 silly tarball no local data for @oxc-project/types@https://registry.npmjs.org/@oxc-project/types/-/types-0.128.0.tgz. Extracting by manifest.
376 silly tarball no local data for @rolldown/binding-darwin-arm64@https://registry.npmjs.org/@rolldown/binding-darwin-arm64/-/binding-darwin-arm64-1.0.0-rc.18.tgz. Extracting by manifest.
377 silly tarball no local data for nanoid@https://registry.npmjs.org/nanoid/-/nanoid-3.3.12.tgz. Extracting by manifest.
378 silly tarball no local data for lightningcss-darwin-arm64@https://registry.npmjs.org/lightningcss-darwin-arm64/-/lightningcss-darwin-arm64-1.32.0.tgz. Extracting by manifest.
379 silly tarball no local data for picocolors@https://registry.npmjs.org/picocolors/-/picocolors-1.1.1.tgz. Extracting by manifest.
380 silly tarball no local data for detect-libc@https://registry.npmjs.org/detect-libc/-/detect-libc-2.1.2.tgz. Extracting by manifest.
381 silly tarball no local data for tinyglobby@https://registry.npmjs.org/tinyglobby/-/tinyglobby-0.2.16.tgz. Extracting by manifest.
382 silly tarball no local data for rolldown@https://registry.npmjs.org/rolldown/-/rolldown-1.0.0-rc.18.tgz. Extracting by manifest.
383 silly tarball no local data for postcss@https://registry.npmjs.org/postcss/-/postcss-8.5.14.tgz. Extracting by manifest.
384 silly tarball no local data for picomatch@https://registry.npmjs.org/picomatch/-/picomatch-4.0.4.tgz. Extracting by manifest.
385 silly tarball no local data for fsevents@https://registry.npmjs.org/fsevents/-/fsevents-2.3.3.tgz. Extracting by manifest.
386 silly tarball no local data for scheduler@https://registry.npmjs.org/scheduler/-/scheduler-0.27.0.tgz. Extracting by manifest.
387 silly tarball no local data for @rolldown/pluginutils@https://registry.npmjs.org/@rolldown/pluginutils/-/pluginutils-1.0.0-rc.7.tgz. Extracting by manifest.
388 silly tarball no local data for react-dom@https://registry.npmjs.org/react-dom/-/react-dom-19.2.6.tgz. Extracting by manifest.
389 silly tarball no local data for react@https://registry.npmjs.org/react/-/react-19.2.6.tgz. Extracting by manifest.
390 silly tarball no local data for vite@https://registry.npmjs.org/vite/-/vite-8.0.11.tgz. Extracting by manifest.
391 silly tarball no local data for lightningcss@https://registry.npmjs.org/lightningcss/-/lightningcss-1.32.0.tgz. Extracting by manifest.
392 silly tarball no local data for @vitejs/plugin-react@https://registry.npmjs.org/@vitejs/plugin-react/-/plugin-react-6.0.1.tgz. Extracting by manifest.
393 silly tarball no local data for @rolldown/pluginutils@https://registry.npmjs.org/@rolldown/pluginutils/-/pluginutils-1.0.0-rc.18.tgz. Extracting by manifest.
394 http fetch GET 200 https://registry.npmjs.org/detect-libc/-/detect-libc-2.1.2.tgz 39ms (cache miss)
395 http fetch GET 200 https://registry.npmjs.org/fdir/-/fdir-6.5.0.tgz 42ms (cache miss)
396 http fetch GET 200 https://registry.npmjs.org/scheduler/-/scheduler-0.27.0.tgz 45ms (cache miss)
397 http fetch GET 200 https://registry.npmjs.org/fsevents/-/fsevents-2.3.3.tgz 50ms (cache miss)
398 http fetch GET 200 https://registry.npmjs.org/picocolors/-/picocolors-1.1.1.tgz 52ms (cache miss)
399 http fetch GET 200 https://registry.npmjs.org/tinyglobby/-/tinyglobby-0.2.16.tgz 52ms (cache miss)
400 http fetch GET 200 https://registry.npmjs.org/source-map-js/-/source-map-js-1.2.1.tgz 58ms (cache miss)
401 http fetch GET 200 https://registry.npmjs.org/@oxc-project/types/-/types-0.128.0.tgz 58ms (cache miss)
402 http fetch GET 200 https://registry.npmjs.org/nanoid/-/nanoid-3.3.12.tgz 58ms (cache miss)
403 http fetch GET 200 https://registry.npmjs.org/picomatch/-/picomatch-4.0.4.tgz 58ms (cache miss)
404 http fetch GET 200 https://registry.npmjs.org/postcss/-/postcss-8.5.14.tgz 75ms (cache miss)
405 http fetch GET 200 https://registry.npmjs.org/react/-/react-19.2.6.tgz 75ms (cache miss)
406 http fetch GET 200 https://registry.npmjs.org/rolldown/-/rolldown-1.0.0-rc.18.tgz 81ms (cache miss)
407 http fetch GET 200 https://registry.npmjs.org/lightningcss/-/lightningcss-1.32.0.tgz 89ms (cache miss)
408 http fetch GET 200 https://registry.npmjs.org/@rolldown/pluginutils/-/pluginutils-1.0.0-rc.7.tgz 95ms (cache miss)
409 http fetch POST 200 https://registry.npmjs.org/-/npm/v1/security/advisories/bulk 112ms
410 silly audit report {}
411 http fetch GET 200 https://registry.npmjs.org/vite/-/vite-8.0.11.tgz 137ms (cache miss)
412 http fetch GET 200 https://registry.npmjs.org/@rolldown/pluginutils/-/pluginutils-1.0.0-rc.18.tgz 142ms (cache miss)
413 http fetch GET 200 https://registry.npmjs.org/lightningcss-darwin-arm64/-/lightningcss-darwin-arm64-1.32.0.tgz 146ms (cache miss)
414 http fetch GET 200 https://registry.npmjs.org/react-dom/-/react-dom-19.2.6.tgz 153ms (cache miss)
415 http fetch GET 200 https://registry.npmjs.org/@vitejs/plugin-react/-/plugin-react-6.0.1.tgz 196ms (cache miss)
416 http fetch GET 200 https://registry.npmjs.org/@rolldown/binding-darwin-arm64/-/binding-darwin-arm64-1.0.0-rc.18.tgz 260ms (cache miss)
417 info run fsevents@2.3.3 install node_modules/fsevents node-gyp rebuild
418 info run fsevents@2.3.3 install { code: 1, signal: null }
419 verbose reify failed optional dependency /Users/agents/.openclaw/workspace/easy-es-detailing/node_modules/fsevents
420 silly reify mark deleted [
420 silly reify   '/Users/agents/.openclaw/workspace/easy-es-detailing/node_modules/fsevents'
420 silly reify ]
421 silly ADD node_modules/fdir
422 silly ADD node_modules/@rolldown/binding-darwin-arm64
423 silly ADD node_modules/@oxc-project/types
424 silly ADD node_modules/source-map-js
425 silly ADD node_modules/picocolors
426 silly ADD node_modules/nanoid
427 silly ADD node_modules/lightningcss-darwin-arm64
428 silly ADD node_modules/detect-libc
429 silly ADD node_modules/tinyglobby
430 silly ADD node_modules/rolldown
431 silly ADD node_modules/rolldown/node_modules/@rolldown/pluginutils
432 silly ADD node_modules/postcss
433 silly ADD node_modules/picomatch
434 silly ADD node_modules/lightningcss
435 silly ADD
436 silly ADD node_modules/scheduler
437 silly ADD node_modules/@rolldown/pluginutils
438 silly ADD node_modules/react-dom
439 silly ADD node_modules/react
440 silly ADD node_modules/vite
441 silly ADD node_modules/@vitejs/plugin-react
442 verbose cwd /Users/agents/.openclaw/workspace/easy-es-detailing
443 verbose os Darwin 25.4.0
444 verbose node v25.9.0
445 verbose npm  v11.13.0
446 notice
446 notice New minor version of npm available! 11.13.0 -> 11.14.1
446 notice Changelog: https://github.com/npm/cli/releases/tag/v11.14.1
446 notice To update run: npm install -g npm@11.14.1
446 notice  { force: true, Symbol(proc-log.meta): true }
447 verbose exit 0
448 info ok
